# JRE version: Java(TM) SE Runtime Environment (18.0.2+9) (build 18.0.2+9-61)
# Java VM: Java HotSpot(TM) 64-Bit Server VM (18.0.2+9-61, mixed mode, sharing, tiered, compressed oops, compressed class ptrs, g1 gc, windows-amd64)
GC Precious Log:
 CardTable entry size: 512
 Card Set container configuration: InlinePtr #cards 5 size 8 Array Of Cards #cards 12 size 40 Howl #buckets 4 coarsen threshold 1843 Howl Bitmap #cards 512 size 80 coarsen threshold 460 Card regions per heap region 1 cards per card region 2048
 CPUs: 4 total, 4 available
 Memory: 7894M
 Large Page Support: Disabled
 NUMA Support: Disabled
 Compressed Oops: Enabled (32-bit)
 Heap Region Size: 1M
 Heap Min Capacity: 8M
 Heap Initial Capacity: 124M
 Heap Max Capacity: 1974M
 Pre-touch: Disabled
 Parallel Workers: 4
 Concurrent Workers: 1
 Concurrent Refinement Workers: 4
 Periodic GC: Disabled
Heap:
 garbage-first heap   total 94208K, used 55650K [0x0000000084a00000, 0x0000000100000000)
  region size 1024K, 20 young (20480K), 4 survivors (4096K)
 Metaspace       used 71318K, committed 72128K, reserved 1114112K
  class space    used 9268K, committed 9664K, reserved 1048576K
GC Heap History (20 events):
Event: 11.982 GC heap before
{Heap before GC invocations=21 (full 0):
 garbage-first heap   total 94208K, used 77005K [0x0000000084a00000, 0x0000000100000000)
  region size 1024K, 51 young (52224K), 4 survivors (4096K)
 Metaspace       used 63020K, committed 63744K, reserved 1114112K
  class space    used 8430K, committed 8768K, reserved 1048576K
}
Event: 11.992 GC heap after
{Heap after GC invocations=22 (full 0):
 garbage-first heap   total 94208K, used 31946K [0x0000000084a00000, 0x0000000100000000)
  region size 1024K, 7 young (7168K), 7 survivors (7168K)
 Metaspace       used 63020K, committed 63744K, reserved 1114112K
  class space    used 8430K, committed 8768K, reserved 1048576K
}
Event: 135.242 GC heap before
{Heap before GC invocations=22 (full 0):
 garbage-first heap   total 94208K, used 73930K [0x0000000084a00000, 0x0000000100000000)
  region size 1024K, 49 young (50176K), 7 survivors (7168K)
 Metaspace       used 68307K, committed 69056K, reserved 1114112K
  class space    used 9062K, committed 9408K, reserved 1048576K
}
Event: 135.258 GC heap after
{Heap after GC invocations=23 (full 0):
 garbage-first heap   total 94208K, used 33032K [0x0000000084a00000, 0x0000000100000000)
  region size 1024K, 5 young (5120K), 5 survivors (5120K)
 Metaspace       used 68307K, committed 69056K, reserved 1114112K
  class space    used 9062K, committed 9408K, reserved 1048576K
}
Event: 276.278 GC heap before
{Heap before GC invocations=23 (full 0):
 garbage-first heap   total 94208K, used 47368K [0x0000000084a00000, 0x0000000100000000)
  region size 1024K, 20 young (20480K), 5 survivors (5120K)
 Metaspace       used 69275K, committed 70080K, reserved 1114112K
  class space    used 9213K, committed 9600K, reserved 1048576K
}
Event: 276.325 GC heap after
{Heap after GC invocations=24 (full 1):
 garbage-first heap   total 94208K, used 28012K [0x0000000084a00000, 0x0000000100000000)
  region size 1024K, 0 young (0K), 0 survivors (0K)
 Metaspace       used 69275K, committed 70080K, reserved 1114112K
  class space    used 9213K, committed 9600K, reserved 1048576K
}
Event: 277.191 GC heap before
{Heap before GC invocations=24 (full 1):
 garbage-first heap   total 94208K, used 74092K [0x0000000084a00000, 0x0000000100000000)
  region size 1024K, 46 young (47104K), 0 survivors (0K)
 Metaspace       used 69741K, committed 70528K, reserved 1114112K
  class space    used 9217K, committed 9600K, reserved 1048576K
}
Event: 277.196 GC heap after
{Heap after GC invocations=25 (full 1):
 garbage-first heap   total 94208K, used 32997K [0x0000000084a00000, 0x0000000100000000)
  region size 1024K, 5 young (5120K), 5 survivors (5120K)
 Metaspace       used 69741K, committed 70528K, reserved 1114112K
  class space    used 9217K, committed 9600K, reserved 1048576K
}
Event: 411.164 GC heap before
{Heap before GC invocations=25 (full 1):
 garbage-first heap   total 94208K, used 61669K [0x0000000084a00000, 0x0000000100000000)
  region size 1024K, 34 young (34816K), 5 survivors (5120K)
 Metaspace       used 70245K, committed 71040K, reserved 1114112K
  class space    used 9228K, committed 9600K, reserved 1048576K
}
Event: 411.213 GC heap after
{Heap after GC invocations=26 (full 2):
 garbage-first heap   total 94208K, used 31486K [0x0000000084a00000, 0x0000000100000000)
  region size 1024K, 0 young (0K), 0 survivors (0K)
 Metaspace       used 70245K, committed 71040K, reserved 1114112K
  class space    used 9228K, committed 9600K, reserved 1048576K
}
Event: 412.110 GC heap before
{Heap before GC invocations=26 (full 2):
 garbage-first heap   total 94208K, used 73470K [0x0000000084a00000, 0x0000000100000000)
  region size 1024K, 42 young (43008K), 0 survivors (0K)
 Metaspace       used 70391K, committed 71168K, reserved 1114112K
  class space    used 9234K, committed 9600K, reserved 1048576K
}
Event: 412.116 GC heap after
{Heap after GC invocations=27 (full 2):
 garbage-first heap   total 94208K, used 35582K [0x0000000084a00000, 0x0000000100000000)
  region size 1024K, 4 young (4096K), 4 survivors (4096K)
 Metaspace       used 70391K, committed 71168K, reserved 1114112K
  class space    used 9234K, committed 9600K, reserved 1048576K
}
Event: 507.049 GC heap before
{Heap before GC invocations=27 (full 2):
 garbage-first heap   total 94208K, used 66302K [0x0000000084a00000, 0x0000000100000000)
  region size 1024K, 35 young (35840K), 4 survivors (4096K)
 Metaspace       used 70719K, committed 71616K, reserved 1114112K
  class space    used 9245K, committed 9664K, reserved 1048576K
}
Event: 507.092 GC heap after
{Heap after GC invocations=28 (full 3):
 garbage-first heap   total 94208K, used 34431K [0x0000000084a00000, 0x0000000100000000)
  region size 1024K, 0 young (0K), 0 survivors (0K)
 Metaspace       used 70719K, committed 71616K, reserved 1114112K
  class space    used 9245K, committed 9664K, reserved 1048576K
}
Event: 507.515 GC heap before
{Heap before GC invocations=28 (full 3):
 garbage-first heap   total 94208K, used 74367K [0x0000000084a00000, 0x0000000100000000)
  region size 1024K, 39 young (39936K), 0 survivors (0K)
 Metaspace       used 70796K, committed 71616K, reserved 1114112K
  class space    used 9249K, committed 9664K, reserved 1048576K
}
Event: 507.519 GC heap after
{Heap after GC invocations=29 (full 3):
 garbage-first heap   total 94208K, used 38273K [0x0000000084a00000, 0x0000000100000000)
  region size 1024K, 4 young (4096K), 4 survivors (4096K)
 Metaspace       used 70796K, committed 71616K, reserved 1114112K
  class space    used 9249K, committed 9664K, reserved 1048576K
}
Event: 515.516 GC heap before
{Heap before GC invocations=29 (full 3):
 garbage-first heap   total 94208K, used 68993K [0x0000000084a00000, 0x0000000100000000)
  region size 1024K, 36 young (36864K), 4 survivors (4096K)
 Metaspace       used 71111K, committed 72000K, reserved 1114112K
  class space    used 9260K, committed 9664K, reserved 1048576K
}
Event: 515.562 GC heap after
{Heap after GC invocations=30 (full 4):
 garbage-first heap   total 94208K, used 37330K [0x0000000084a00000, 0x0000000100000000)
  region size 1024K, 0 young (0K), 0 survivors (0K)
 Metaspace       used 71111K, committed 72000K, reserved 1114112K
  class space    used 9260K, committed 9664K, reserved 1048576K
}
Event: 515.915 GC heap before
{Heap before GC invocations=30 (full 4):
 garbage-first heap   total 94208K, used 73170K [0x0000000084a00000, 0x0000000100000000)
  region size 1024K, 36 young (36864K), 0 survivors (0K)
 Metaspace       used 71184K, committed 72064K, reserved 1114112K
  class space    used 9263K, committed 9664K, reserved 1048576K
}
Event: 515.917 GC heap after
{Heap after GC invocations=31 (full 4):
 garbage-first heap   total 94208K, used 41314K [0x0000000084a00000, 0x0000000100000000)
  region size 1024K, 4 young (4096K), 4 survivors (4096K)
 Metaspace       used 71184K, committed 72064K, reserved 1114112K
  class space    used 9263K, committed 9664K, reserved 1048576K
}

