# JRE version: Java(TM) SE Runtime Environment (18.0.2+9) (build 18.0.2+9-61)
# Java VM: Java HotSpot(TM) 64-Bit Server VM (18.0.2+9-61, mixed mode, sharing, tiered, compressed oops, compressed class ptrs, g1 gc, windows-amd64)
GC Precious Log:
 CardTable entry size: 512
 Card Set container configuration: InlinePtr #cards 5 size 8 Array Of Cards #cards 12 size 40 Howl #buckets 4 coarsen threshold 1843 Howl Bitmap #cards 512 size 80 coarsen threshold 460 Card regions per heap region 1 cards per card region 2048
 CPUs: 4 total, 4 available
 Memory: 7894M
 Large Page Support: Disabled
 NUMA Support: Disabled
 Compressed Oops: Enabled (32-bit)
 Heap Region Size: 1M
 Heap Min Capacity: 8M
 Heap Initial Capacity: 124M
 Heap Max Capacity: 1974M
 Pre-touch: Disabled
 Parallel Workers: 4
 Concurrent Workers: 1
 Concurrent Refinement Workers: 4
 Periodic GC: Disabled
Heap:
 garbage-first heap   total 130048K, used 82518K [0x0000000084a00000, 0x0000000100000000)
  region size 1024K, 20 young (20480K), 4 survivors (4096K)
 Metaspace       used 76968K, committed 77952K, reserved 1179648K
  class space    used 9757K, committed 10240K, reserved 1048576K
GC Heap History (20 events):
Event: 1122.375 GC heap before
{Heap before GC invocations=48 (full 9):
 garbage-first heap   total 107520K, used 84372K [0x0000000084a00000, 0x0000000100000000)
  region size 1024K, 30 young (30720K), 3 survivors (3072K)
 Metaspace       used 75943K, committed 76864K, reserved 1179648K
  class space    used 9704K, committed 10112K, reserved 1048576K
}
Event: 1122.383 GC heap after
{Heap after GC invocations=49 (full 9):
 garbage-first heap   total 107520K, used 60287K [0x0000000084a00000, 0x0000000100000000)
  region size 1024K, 3 young (3072K), 3 survivors (3072K)
 Metaspace       used 75943K, committed 76864K, reserved 1179648K
  class space    used 9704K, committed 10112K, reserved 1048576K
}
Event: 1122.405 GC heap before
{Heap before GC invocations=49 (full 9):
 garbage-first heap   total 107520K, used 62335K [0x0000000084a00000, 0x0000000100000000)
  region size 1024K, 5 young (5120K), 3 survivors (3072K)
 Metaspace       used 75951K, committed 76864K, reserved 1179648K
  class space    used 9704K, committed 10112K, reserved 1048576K
}
Event: 1122.413 GC heap after
{Heap after GC invocations=50 (full 9):
 garbage-first heap   total 107520K, used 60596K [0x0000000084a00000, 0x0000000100000000)
  region size 1024K, 1 young (1024K), 1 survivors (1024K)
 Metaspace       used 75951K, committed 76864K, reserved 1179648K
  class space    used 9704K, committed 10112K, reserved 1048576K
}
Event: 1130.163 GC heap before
{Heap before GC invocations=50 (full 9):
 garbage-first heap   total 107520K, used 72884K [0x0000000084a00000, 0x0000000100000000)
  region size 1024K, 14 young (14336K), 1 survivors (1024K)
 Metaspace       used 76023K, committed 76928K, reserved 1179648K
  class space    used 9706K, committed 10112K, reserved 1048576K
}
Event: 1130.244 GC heap after
{Heap after GC invocations=51 (full 10):
 garbage-first heap   total 107520K, used 57667K [0x0000000084a00000, 0x0000000100000000)
  region size 1024K, 0 young (0K), 0 survivors (0K)
 Metaspace       used 76023K, committed 76928K, reserved 1179648K
  class space    used 9706K, committed 10112K, reserved 1048576K
}
Event: 1130.541 GC heap before
{Heap before GC invocations=51 (full 10):
 garbage-first heap   total 107520K, used 86339K [0x0000000084a00000, 0x0000000100000000)
  region size 1024K, 28 young (28672K), 0 survivors (0K)
 Metaspace       used 76057K, committed 76928K, reserved 1179648K
  class space    used 9708K, committed 10112K, reserved 1048576K
}
Event: 1130.579 GC heap after
{Heap after GC invocations=52 (full 10):
 garbage-first heap   total 107520K, used 60374K [0x0000000084a00000, 0x0000000100000000)
  region size 1024K, 3 young (3072K), 3 survivors (3072K)
 Metaspace       used 76057K, committed 76928K, reserved 1179648K
  class space    used 9708K, committed 10112K, reserved 1048576K
}
Event: 1131.011 GC heap before
{Heap before GC invocations=53 (full 10):
 garbage-first heap   total 116736K, used 84950K [0x0000000084a00000, 0x0000000100000000)
  region size 1024K, 28 young (28672K), 3 survivors (3072K)
 Metaspace       used 76250K, committed 77184K, reserved 1179648K
  class space    used 9719K, committed 10176K, reserved 1048576K
}
Event: 1131.017 GC heap after
{Heap after GC invocations=54 (full 10):
 garbage-first heap   total 116736K, used 62698K [0x0000000084a00000, 0x0000000100000000)
  region size 1024K, 3 young (3072K), 3 survivors (3072K)
 Metaspace       used 76250K, committed 77184K, reserved 1179648K
  class space    used 9719K, committed 10176K, reserved 1048576K
}
Event: 1264.757 GC heap before
{Heap before GC invocations=54 (full 10):
 garbage-first heap   total 116736K, used 82154K [0x0000000084a00000, 0x0000000100000000)
  region size 1024K, 23 young (23552K), 3 survivors (3072K)
 Metaspace       used 76434K, committed 77376K, reserved 1179648K
  class space    used 9730K, committed 10176K, reserved 1048576K
}
Event: 1264.836 GC heap after
{Heap after GC invocations=55 (full 11):
 garbage-first heap   total 116736K, used 61294K [0x0000000084a00000, 0x0000000100000000)
  region size 1024K, 0 young (0K), 0 survivors (0K)
 Metaspace       used 76434K, committed 77376K, reserved 1179648K
  class space    used 9730K, committed 10176K, reserved 1048576K
}
Event: 1265.204 GC heap before
{Heap before GC invocations=55 (full 11):
 garbage-first heap   total 116736K, used 92014K [0x0000000084a00000, 0x0000000100000000)
  region size 1024K, 31 young (31744K), 0 survivors (0K)
 Metaspace       used 76480K, committed 77440K, reserved 1179648K
  class space    used 9733K, committed 10176K, reserved 1048576K
}
Event: 1265.209 GC heap after
{Heap after GC invocations=56 (full 11):
 garbage-first heap   total 116736K, used 64248K [0x0000000084a00000, 0x0000000100000000)
  region size 1024K, 3 young (3072K), 3 survivors (3072K)
 Metaspace       used 76480K, committed 77440K, reserved 1179648K
  class space    used 9733K, committed 10176K, reserved 1048576K
}
Event: 1265.645 GC heap before
{Heap before GC invocations=57 (full 11):
 garbage-first heap   total 126976K, used 91896K [0x0000000084a00000, 0x0000000100000000)
  region size 1024K, 31 young (31744K), 3 survivors (3072K)
 Metaspace       used 76693K, committed 77632K, reserved 1179648K
  class space    used 9744K, committed 10176K, reserved 1048576K
}
Event: 1265.655 GC heap after
{Heap after GC invocations=58 (full 11):
 garbage-first heap   total 126976K, used 66986K [0x0000000084a00000, 0x0000000100000000)
  region size 1024K, 3 young (3072K), 3 survivors (3072K)
 Metaspace       used 76693K, committed 77632K, reserved 1179648K
  class space    used 9744K, committed 10176K, reserved 1048576K
}
Event: 1347.653 GC heap before
{Heap before GC invocations=58 (full 11):
 garbage-first heap   total 126976K, used 78250K [0x0000000084a00000, 0x0000000100000000)
  region size 1024K, 16 young (16384K), 3 survivors (3072K)
 Metaspace       used 76757K, committed 77696K, reserved 1179648K
  class space    used 9745K, committed 10176K, reserved 1048576K
}
Event: 1347.744 GC heap after
{Heap after GC invocations=59 (full 12):
 garbage-first heap   total 126976K, used 64278K [0x0000000084a00000, 0x0000000100000000)
  region size 1024K, 0 young (0K), 0 survivors (0K)
 Metaspace       used 76757K, committed 77696K, reserved 1179648K
  class space    used 9745K, committed 10176K, reserved 1048576K
}
Event: 1348.130 GC heap before
{Heap before GC invocations=59 (full 12):
 garbage-first heap   total 126976K, used 101142K [0x0000000084a00000, 0x0000000100000000)
  region size 1024K, 36 young (36864K), 0 survivors (0K)
 Metaspace       used 76795K, committed 77760K, reserved 1179648K
  class space    used 9748K, committed 10176K, reserved 1048576K
}
Event: 1348.134 GC heap after
{Heap after GC invocations=60 (full 12):
 garbage-first heap   total 126976K, used 68182K [0x0000000084a00000, 0x0000000100000000)
  region size 1024K, 4 young (4096K), 4 survivors (4096K)
 Metaspace       used 76795K, committed 77760K, reserved 1179648K
  class space    used 9748K, committed 10176K, reserved 1048576K
}

